  Zajecie11.cpp
e:\opgl\zad11\zajecie11\zajecie11\zajecie11.cpp(140): warning C4838: conversion from 'double' to 'GLfloat' requires a narrowing conversion
e:\opgl\zad11\zajecie11\zajecie11\zajecie11.cpp(140): warning C4305: 'initializing': truncation from 'double' to 'GLfloat'
e:\opgl\zad11\zajecie11\zajecie11\zajecie11.cpp(142): warning C4838: conversion from 'double' to 'GLfloat' requires a narrowing conversion
e:\opgl\zad11\zajecie11\zajecie11\zajecie11.cpp(142): warning C4305: 'initializing': truncation from 'double' to 'GLfloat'
e:\opgl\zad11\zajecie11\zajecie11\zajecie11.cpp(156): warning C4838: conversion from 'double' to 'GLfloat' requires a narrowing conversion
e:\opgl\zad11\zajecie11\zajecie11\zajecie11.cpp(156): warning C4305: 'initializing': truncation from 'double' to 'GLfloat'
e:\opgl\zad11\zajecie11\zajecie11\zajecie11.cpp(158): warning C4838: conversion from 'double' to 'GLfloat' requires a narrowing conversion
e:\opgl\zad11\zajecie11\zajecie11\zajecie11.cpp(158): warning C4305: 'initializing': truncation from 'double' to 'GLfloat'
e:\opgl\zad11\zajecie11\zajecie11\zajecie11.cpp(160): warning C4838: conversion from 'double' to 'GLfloat' requires a narrowing conversion
e:\opgl\zad11\zajecie11\zajecie11\zajecie11.cpp(160): warning C4305: 'initializing': truncation from 'double' to 'GLfloat'
e:\opgl\zad11\zajecie11\zajecie11\zajecie11.cpp(162): warning C4305: 'initializing': truncation from 'double' to 'GLfloat'
e:\opgl\zad11\zajecie11\zajecie11\zajecie11.cpp(194): warning C4244: '=': conversion from 'double' to 'float', possible loss of data
e:\opgl\zad11\zajecie11\zajecie11\zajecie11.cpp(196): warning C4244: '=': conversion from 'double' to 'float', possible loss of data
e:\opgl\zad11\zajecie11\zajecie11\zajecie11.cpp(198): warning C4244: '=': conversion from 'double' to 'float', possible loss of data
e:\opgl\zad11\zajecie11\zajecie11\zajecie11.cpp(212): warning C4244: '=': conversion from 'double' to 'float', possible loss of data
e:\opgl\zad11\zajecie11\zajecie11\zajecie11.cpp(290): warning C4305: '=': truncation from 'double' to 'float'
e:\opgl\zad11\zajecie11\zajecie11\zajecie11.cpp(292): warning C4305: '=': truncation from 'double' to 'float'
e:\opgl\zad11\zajecie11\zajecie11\zajecie11.cpp(294): warning C4305: '=': truncation from 'double' to 'float'
e:\opgl\zad11\zajecie11\zajecie11\zajecie11.cpp(298): warning C4244: '=': conversion from 'double' to 'float', possible loss of data
e:\opgl\zad11\zajecie11\zajecie11\zajecie11.cpp(302): warning C4244: '=': conversion from 'double' to 'float', possible loss of data
e:\opgl\zad11\zajecie11\zajecie11\zajecie11.cpp(306): warning C4244: '=': conversion from 'double' to 'float', possible loss of data
e:\opgl\zad11\zajecie11\zajecie11\zajecie11.cpp(518): warning C4244: '+=': conversion from 'double' to 'float', possible loss of data
e:\opgl\zad11\zajecie11\zajecie11\zajecie11.cpp(520): warning C4244: '+=': conversion from 'double' to 'float', possible loss of data
e:\opgl\zad11\zajecie11\zajecie11\zajecie11.cpp(522): warning C4244: '+=': conversion from 'double' to 'float', possible loss of data
e:\opgl\zad11\zajecie11\zajecie11\zajecie11.cpp(524): warning C4305: '-=': truncation from 'double' to 'float'
e:\opgl\zad11\zajecie11\zajecie11\zajecie11.cpp(534): warning C4305: '-=': truncation from 'double' to 'float'
e:\opgl\zad11\zajecie11\zajecie11\zajecie11.cpp(544): warning C4305: '-=': truncation from 'double' to 'float'
e:\opgl\zad11\zajecie11\zajecie11\zajecie11.cpp(560): warning C4244: '+=': conversion from 'double' to 'float', possible loss of data
e:\opgl\zad11\zajecie11\zajecie11\zajecie11.cpp(562): warning C4244: '+=': conversion from 'double' to 'float', possible loss of data
e:\opgl\zad11\zajecie11\zajecie11\zajecie11.cpp(564): warning C4244: '+=': conversion from 'double' to 'float', possible loss of data
e:\opgl\zad11\zajecie11\zajecie11\zajecie11.cpp(578): warning C4305: '+=': truncation from 'double' to 'float'
e:\opgl\zad11\zajecie11\zajecie11\zajecie11.cpp(604): warning C4244: 'argument': conversion from 'GLfloat' to 'GLsizei', possible loss of data
e:\opgl\zad11\zajecie11\zajecie11\zajecie11.cpp(604): warning C4244: 'argument': conversion from 'double' to 'GLint', possible loss of data
e:\opgl\zad11\zajecie11\zajecie11\zajecie11.cpp(690): warning C4244: 'argument': conversion from 'time_t' to 'unsigned int', possible loss of data
  Zajecie11.vcxproj -> E:\OPGL\ZAD11\Zajecie11\Debug\Zajecie11.exe
  Zajecie11.vcxproj -> E:\OPGL\ZAD11\Zajecie11\Debug\Zajecie11.pdb (Full PDB)
